Copyright 1986-1999, 2001-2013 Xilinx, Inc. All Rights Reserved.
----------------------------------------------------------------------------------------------------------------------------------
| Tool Version : Vivado v.2013.4 (win32) Build 353583 Mon Dec  9 17:38:55 MST 2013
| Date         : Thu Jul 17 19:03:19 2014
| Host         : Shivam-Win8 running 64-bit major release  (build 7600)
| Command      : report_timing_summary -file system_wrapper_timing_summary_routed.rpt -pb system_wrapper_timing_summary_routed.pb
| Design       : system_wrapper
| Device       : 7z020-clg484
| Speed File   : -1  PRODUCTION 1.09 2013-11-22
----------------------------------------------------------------------------------------------------------------------------------

Timing Summary Report

------------------------------------------------------------------------------------------------
| Timer Settings
| --------------
------------------------------------------------------------------------------------------------

  Enable Multi Corner Analysis               :  Yes
  Enable Pessimism Removal                   :  Yes
  Pessimism Removal Resolution               :  Nearest Common Node
  Enable Input Delay Default Clock           :  No
  Enable Preset / Clear Arcs                 :  No
  Disable Flight Delays                      :  No

  Corner  Analyze    Analyze    
  Name    Max Paths  Min Paths  
  ------  ---------  ---------  
  Slow    Yes        Yes        
  Fast    Yes        Yes        


------------------------------------------------------------------------------------------------
| Check Timing
| ------------
------------------------------------------------------------------------------------------------


Checking 'no_clock'.
 There are 0 register/latch pins with no clock.
 There are 0 register/latch pins with constant_clock.

Checking 'unconstrained_internal_endpoints'.
 There are 8 pins that are not constrained for maximum delay.
 There are 0 pins that are not constrained for maximum delay due to constant clock.

Checking 'no_input_delay'.
 There are 8 input ports with no input delay specified.

Checking 'no_output_delay'.
 There are 8 ports with no output delay specified.

Checking 'multiple_clock'.
 There are 0 register/latch pins with related clocks.
 There are 0 register/latch pins with exclusive clocks.

Checking 'generated_clocks'.
 There are 0 generated clocks that are not connected to a clock source.

Checking 'loops'.
 There are 0 combinational loops in the design.

Checking 'partial_input_delay'.
 There are 0 input ports with partial input delay specified.

Checking 'partial_output_delay'.
 There are 0 ports with partial output delay specified.

Checking 'unexpandable_clocks'.
 There are 0 related clock pairs.
 There are 0 User Ignored clock pairs.

Checking 'latch_loops'.
 There are 0 combinational latch loops in the design through latch input

------------------------------------------------------------------------------------------------
| Design Timing Summary
| ---------------------
------------------------------------------------------------------------------------------------

    WNS(ns)      TNS(ns)  TNS Failing Endpoints  TNS Total Endpoints      WHS(ns)      THS(ns)  THS Failing Endpoints  THS Total Endpoints     WPWS(ns)     TPWS(ns)  TPWS Failing Endpoints  TPWS Total Endpoints  
    -------      -------  ---------------------  -------------------      -------      -------  ---------------------  -------------------     --------     --------  ----------------------  --------------------  
     13.599        0.000                      0                 1569        0.054        0.000                      0                 1569        8.750        0.000                       0                   755  


All user specified timing constraints are met.


------------------------------------------------------------------------------------------------
| Clock Summary
| -------------
------------------------------------------------------------------------------------------------

Clock       Waveform(ns)       Period(ns)      Frequency(MHz)
-----       ------------       ----------      --------------
clk_fpga_0  {0.000 10.000}     20.000          50.000          


------------------------------------------------------------------------------------------------
| Intra Clock Table
| -----------------
------------------------------------------------------------------------------------------------

Clock             WNS(ns)      TNS(ns)  TNS Failing Endpoints  TNS Total Endpoints      WHS(ns)      THS(ns)  THS Failing Endpoints  THS Total Endpoints     WPWS(ns)     TPWS(ns)  TPWS Failing Endpoints  TPWS Total Endpoints  
-----             -------      -------  ---------------------  -------------------      -------      -------  ---------------------  -------------------     --------     --------  ----------------------  --------------------  
clk_fpga_0         13.599        0.000                      0                 1569        0.054        0.000                      0                 1569        8.750        0.000                       0                   755  


------------------------------------------------------------------------------------------------
| Inter Clock Table
| -----------------
------------------------------------------------------------------------------------------------

From Clock    To Clock          WNS(ns)      TNS(ns)  TNS Failing Endpoints  TNS Total Endpoints      WHS(ns)      THS(ns)  THS Failing Endpoints  THS Total Endpoints  
----------    --------          -------      -------  ---------------------  -------------------      -------      -------  ---------------------  -------------------  


------------------------------------------------------------------------------------------------
| Other Path Groups Table
| -----------------------
------------------------------------------------------------------------------------------------

Path Group    From Clock    To Clock          WNS(ns)      TNS(ns)  TNS Failing Endpoints  TNS Total Endpoints      WHS(ns)      THS(ns)  THS Failing Endpoints  THS Total Endpoints  
----------    ----------    --------          -------      -------  ---------------------  -------------------      -------      -------  ---------------------  -------------------  


------------------------------------------------------------------------------------------------
| Timing Details
| --------------
------------------------------------------------------------------------------------------------


---------------------------------------------------------------------------------------------------
From Clock:  clk_fpga_0
  To Clock:  clk_fpga_0

Setup :            0  Failing Endpoints,  Worst Slack       13.599ns,  Total Violation        0.000ns
Hold  :            0  Failing Endpoints,  Worst Slack        0.054ns,  Total Violation        0.000ns
PW    :            0  Failing Endpoints,  Worst Slack        8.750ns,  Total Violation        0.000ns
---------------------------------------------------------------------------------------------------


Max Delay Paths
--------------------------------------------------------------------------------------
Slack (MET) :             13.599ns  (required time - arrival time)
  Source:                 system_i/processing_system7_0_axi_periph/s00_couplers/auto_pc/inst/gen_axilite.gen_b2s_conv.axilite_b2s/WR.aw_channel_0/aw_cmd_fsm_0/state_reg[1]_rep/C
                            (rising edge-triggered cell FDRE clocked by clk_fpga_0  {rise@0.000ns fall@10.000ns period=20.000ns})
  Destination:            system_i/lab0_ip_0/U0/lab0_ip_v1_0_S00_AXI_inst/slv_reg0_reg[17]/D
                            (rising edge-triggered cell FDRE clocked by clk_fpga_0  {rise@0.000ns fall@10.000ns period=20.000ns})
  Path Group:             clk_fpga_0
  Path Type:              Setup (Max at Slow Process Corner)
  Requirement:            20.000ns  (clk_fpga_0 rise@20.000ns - clk_fpga_0 rise@0.000ns)
  Data Path Delay:        5.778ns  (logic 0.828ns (14.330%)  route 4.950ns (85.670%))
  Logic Levels:           3  (LUT2=1 LUT4=1 LUT5=1)
  Clock Path Skew:        -0.399ns (DCD - SCD + CPR)
    Destination Clock Delay (DCD):    3.946ns = ( 23.946 - 20.000 ) 
    Source Clock Delay      (SCD):    4.773ns
    Clock Pessimism Removal (CPR):    0.428ns
  Clock Uncertainty:      0.302ns  ((TSJ^2 + TIJ^2)^1/2 + DJ) / 2 + PE
    Total System Jitter     (TSJ):    0.071ns
    Total Input Jitter      (TIJ):    0.600ns
    Discrete Jitter          (DJ):    0.000ns
    Phase Error              (PE):    0.000ns

    Location             Delay type                Incr(ns)  Path(ns)    Netlist Resource(s)
  -------------------------------------------------------------------    -------------------
                         (clock clk_fpga_0 rise edge)
                                                      0.000     0.000 r  
    PS7_X0Y0             PS7                          0.000     0.000 r  system_i/processing_system7_0/U0/PS7_i/FCLKCLK[0]
                         net (fo=1, routed)           2.780     2.780    system_i/processing_system7_0/U0/FCLK_CLK_unbuffered[0]
    BUFGCTRL_X0Y16       BUFG (Prop_bufg_I_O)         0.101     2.881 r  system_i/processing_system7_0/U0/buffer_fclk_clk_0.FCLK_CLK_0_BUFG/O
                         net (fo=755, routed)         1.892     4.773    system_i/processing_system7_0_axi_periph/s00_couplers/auto_pc/aclk
    SLICE_X31Y102                                                     r  system_i/processing_system7_0_axi_periph/s00_couplers/auto_pc/inst/gen_axilite.gen_b2s_conv.axilite_b2s/WR.aw_channel_0/aw_cmd_fsm_0/state_reg[1]_rep/C
  -------------------------------------------------------------------    -------------------
    SLICE_X31Y102        FDRE (Prop_fdre_C_Q)         0.456     5.229 r  system_i/processing_system7_0_axi_periph/s00_couplers/auto_pc/inst/gen_axilite.gen_b2s_conv.axilite_b2s/WR.aw_channel_0/aw_cmd_fsm_0/state_reg[1]_rep/Q
                         net (fo=16, routed)          0.679     5.909    system_i/processing_system7_0_axi_periph/s00_couplers/auto_pc/n_0_inst/gen_axilite.gen_b2s_conv.axilite_b2s/WR.aw_channel_0/aw_cmd_fsm_0/state_reg[1]_rep
    SLICE_X29Y103        LUT2 (Prop_lut2_I1_O)        0.124     6.033 f  system_i/processing_system7_0_axi_periph/s00_couplers/auto_pc/m_axi_awvalid_INST_0/O
                         net (fo=5, routed)           1.457     7.490    system_i/lab0_ip_0/s00_axi_awvalid
    SLICE_X30Y93         LUT4 (Prop_lut4_I0_O)        0.124     7.614 r  system_i/lab0_ip_0/slv_reg2[7]_i_2/O
                         net (fo=41, routed)          2.813    10.427    system_i/lab0_ip_0/n_0_slv_reg2[7]_i_2
    SLICE_X38Y96         LUT5 (Prop_lut5_I2_O)        0.124    10.551 r  system_i/lab0_ip_0/slv_reg0[17]_i_1/O
                         net (fo=1, routed)           0.000    10.551    system_i/lab0_ip_0/n_0_slv_reg0[17]_i_1
    SLICE_X38Y96         FDRE                                         r  system_i/lab0_ip_0/U0/lab0_ip_v1_0_S00_AXI_inst/slv_reg0_reg[17]/D
  -------------------------------------------------------------------    -------------------

                         (clock clk_fpga_0 rise edge)
                                                     20.000    20.000 r  
    PS7_X0Y0             PS7                          0.000    20.000 r  system_i/processing_system7_0/U0/PS7_i/FCLKCLK[0]
                         net (fo=1, routed)           2.376    22.376    system_i/processing_system7_0/U0/FCLK_CLK_unbuffered[0]
    BUFGCTRL_X0Y16       BUFG (Prop_bufg_I_O)         0.091    22.467 r  system_i/processing_system7_0/U0/buffer_fclk_clk_0.FCLK_CLK_0_BUFG/O
                         net (fo=755, routed)         1.479    23.946    system_i/lab0_ip_0/s00_axi_aclk
    SLICE_X38Y96                                                      r  system_i/lab0_ip_0/U0/lab0_ip_v1_0_S00_AXI_inst/slv_reg0_reg[17]/C
                         clock pessimism              0.428    24.374    
                         clock uncertainty           -0.302    24.072    
    SLICE_X38Y96         FDRE (Setup_fdre_C_D)        0.079    24.151    system_i/lab0_ip_0/U0/lab0_ip_v1_0_S00_AXI_inst/slv_reg0_reg[17]
  -------------------------------------------------------------------
                         required time                         24.151    
                         arrival time                         -10.551    
  -------------------------------------------------------------------
                         slack                                 13.599    





Min Delay Paths
--------------------------------------------------------------------------------------
Slack (MET) :             0.054ns  (arrival time - required time)
  Source:                 system_i/lab0_ip_0/U0/lab0_ip_v1_0_S00_AXI_inst/axi_rdata_reg[8]/C
                            (rising edge-triggered cell FDRE clocked by clk_fpga_0  {rise@0.000ns fall@10.000ns period=20.000ns})
  Destination:            system_i/processing_system7_0_axi_periph/s00_couplers/auto_pc/inst/gen_axilite.gen_b2s_conv.axilite_b2s/RD.r_channel_0/rd_data_fifo_0/memory_reg[31][8]_srl32/D
                            (rising edge-triggered cell SRLC32E clocked by clk_fpga_0  {rise@0.000ns fall@10.000ns period=20.000ns})
  Path Group:             clk_fpga_0
  Path Type:              Hold (Min at Fast Process Corner)
  Requirement:            0.000ns  (clk_fpga_0 rise@0.000ns - clk_fpga_0 rise@0.000ns)
  Data Path Delay:        0.253ns  (logic 0.141ns (55.648%)  route 0.112ns (44.352%))
  Logic Levels:           0  
  Clock Path Skew:        0.016ns (DCD - SCD - CPR)
    Destination Clock Delay (DCD):    2.196ns
    Source Clock Delay      (SCD):    1.750ns
    Clock Pessimism Removal (CPR):    0.430ns

    Location             Delay type                Incr(ns)  Path(ns)    Netlist Resource(s)
  -------------------------------------------------------------------    -------------------
                         (clock clk_fpga_0 rise edge)
                                                      0.000     0.000 r  
    PS7_X0Y0             PS7                          0.000     0.000 r  system_i/processing_system7_0/U0/PS7_i/FCLKCLK[0]
                         net (fo=1, routed)           1.169     1.169    system_i/processing_system7_0/U0/FCLK_CLK_unbuffered[0]
    BUFGCTRL_X0Y16       BUFG (Prop_bufg_I_O)         0.026     1.195 r  system_i/processing_system7_0/U0/buffer_fclk_clk_0.FCLK_CLK_0_BUFG/O
                         net (fo=755, routed)         0.555     1.750    system_i/lab0_ip_0/s00_axi_aclk
    SLICE_X37Y92                                                      r  system_i/lab0_ip_0/U0/lab0_ip_v1_0_S00_AXI_inst/axi_rdata_reg[8]/C
  -------------------------------------------------------------------    -------------------
    SLICE_X37Y92         FDRE (Prop_fdre_C_Q)         0.141     1.891 r  system_i/lab0_ip_0/U0/lab0_ip_v1_0_S00_AXI_inst/axi_rdata_reg[8]/Q
                         net (fo=2, routed)           0.112     2.003    system_i/processing_system7_0_axi_periph/s00_couplers/auto_pc/m_axi_rdata[8]
    SLICE_X38Y91         SRLC32E                                      r  system_i/processing_system7_0_axi_periph/s00_couplers/auto_pc/inst/gen_axilite.gen_b2s_conv.axilite_b2s/RD.r_channel_0/rd_data_fifo_0/memory_reg[31][8]_srl32/D
  -------------------------------------------------------------------    -------------------

                         (clock clk_fpga_0 rise edge)
                                                      0.000     0.000 r  
    PS7_X0Y0             PS7                          0.000     0.000 r  system_i/processing_system7_0/U0/PS7_i/FCLKCLK[0]
                         net (fo=1, routed)           1.344     1.344    system_i/processing_system7_0/U0/FCLK_CLK_unbuffered[0]
    BUFGCTRL_X0Y16       BUFG (Prop_bufg_I_O)         0.029     1.373 r  system_i/processing_system7_0/U0/buffer_fclk_clk_0.FCLK_CLK_0_BUFG/O
                         net (fo=755, routed)         0.823     2.196    system_i/processing_system7_0_axi_periph/s00_couplers/auto_pc/aclk
    SLICE_X38Y91                                                      r  system_i/processing_system7_0_axi_periph/s00_couplers/auto_pc/inst/gen_axilite.gen_b2s_conv.axilite_b2s/RD.r_channel_0/rd_data_fifo_0/memory_reg[31][8]_srl32/CLK
                         clock pessimism             -0.430     1.766    
    SLICE_X38Y91         SRLC32E (Hold_srlc32e_CLK_D)
                                                      0.183     1.949    system_i/processing_system7_0_axi_periph/s00_couplers/auto_pc/inst/gen_axilite.gen_b2s_conv.axilite_b2s/RD.r_channel_0/rd_data_fifo_0/memory_reg[31][8]_srl32
  -------------------------------------------------------------------
                         required time                         -1.949    
                         arrival time                           2.003    
  -------------------------------------------------------------------
                         slack                                  0.054    





Pulse Width Checks
--------------------------------------------------------------------------------------
Clock Name:         clk_fpga_0
Waveform:           { 0 10 }
Period:             20.000
Sources:            { system_i/processing_system7_0/U0/PS7_i/FCLKCLK[0] }

Check Type        Corner  Lib Pin     Reference Pin  Required  Actual  Slack   Location        Pin
Min Period        n/a     BUFG/I      n/a            2.155     20.000  17.845  BUFGCTRL_X0Y16  system_i/processing_system7_0/U0/buffer_fclk_clk_0.FCLK_CLK_0_BUFG/I
Low Pulse Width   Slow    RAMD32/CLK  n/a            1.250     10.000  8.750   SLICE_X34Y94    system_i/lab0_ip_0/U0/fifo_reg_0_15_0_5/RAMA/CLK
High Pulse Width  Slow    RAMD32/CLK  n/a            1.250     10.000  8.750   SLICE_X34Y94    system_i/lab0_ip_0/U0/fifo_reg_0_15_0_5/RAMA/CLK



